APP - Initializing...
CAN - Using Kvaser Canlib Library
CAN - Canlib Version:8.38
CAN - Initializing...
CAN - Device: Kvaser Leaf SemiPro HS (channel 0) - ID:73-30130-00506-8
CAN - Device: Kvaser Virtual CAN Driver (channel 0) - ID:00-00000-00000-0
GUI - Initializing...
GUI - Initialized.
APP - Begining...
CAN - Beginning...
CAN - Channel 0 Thread Starting...
CAN - Channel 0 Thread Started.
CAN - Channel 1 Thread Starting...
CAN - Channel 1 Thread Started.
GUI - Loop Starting...
GUI - Loop Terminated.
APP - Terminating...
CAN - Terminating...
APP - Terminated.
APP - Closing Log.
